[2025-05-27T11:52:11.934Z] Starting server script...
[2025-05-27T11:52:11.939Z] Registering test routes...
[2025-05-27T11:52:11.939Z] Successfully registered /api/tests route
[2025-05-27T11:52:11.939Z] Successfully registered /api/k6-tests route
[2025-05-27T11:52:11.943Z] Script end
[2025-05-27T11:52:11.945Z] Server listening on port 3005
[2025-05-27T11:52:11.945Z] Performance testing API available at http://localhost:3005/api/performance
[2025-05-27T11:52:11.948Z] Loaded 1 flows
[2025-05-27T11:52:16.198Z] 
[2025-05-27T11:52:16.198Z] Incoming request: {
  "method": "GET",
  "url": "/api/tests",
  "headers": {
    "host": "localhost:3005",
    "connection": "keep-alive",
    "content-type": "application/json",
    "accept": "*/*",
    "accept-language": "*",
    "sec-fetch-mode": "cors",
    "user-agent": "node",
    "accept-encoding": "gzip, deflate"
  },
  "query": {}
}
[2025-05-27T11:52:16.201Z] 
=== Test Listing Request ===
[2025-05-27T11:52:16.201Z] Received request to list tests
[2025-05-27T11:52:16.202Z] Using tests directory: H:\ASU projects\new cursor\backend\tests
[2025-05-27T11:52:16.202Z] Current working directory: H:\ASU projects\new cursor\backend\src
[2025-05-27T11:52:16.202Z] 
=== Scanning for test files in: H:\ASU projects\new cursor\backend\tests ===
[2025-05-27T11:52:16.203Z] 
Scanning directory: H:\ASU projects\new cursor\backend\tests
[2025-05-27T11:52:16.203Z] Found 8 entries in H:\ASU projects\new cursor\backend\tests
[2025-05-27T11:52:16.204Z] Entering subdirectory: H:\ASU projects\new cursor\backend\tests\accessibility
[2025-05-27T11:52:16.204Z] 
Scanning directory: H:\ASU projects\new cursor\backend\tests\accessibility
[2025-05-27T11:52:16.204Z] Found 4 entries in H:\ASU projects\new cursor\backend\tests\accessibility
[2025-05-27T11:52:16.205Z] Entering subdirectory: H:\ASU projects\new cursor\backend\tests\accessibility\aria
[2025-05-27T11:52:16.205Z] 
Scanning directory: H:\ASU projects\new cursor\backend\tests\accessibility\aria
[2025-05-27T11:52:16.205Z] Found 0 entries in H:\ASU projects\new cursor\backend\tests\accessibility\aria
[2025-05-27T11:52:16.205Z] Entering subdirectory: H:\ASU projects\new cursor\backend\tests\accessibility\color
[2025-05-27T11:52:16.205Z] 
Scanning directory: H:\ASU projects\new cursor\backend\tests\accessibility\color
[2025-05-27T11:52:16.206Z] Found 0 entries in H:\ASU projects\new cursor\backend\tests\accessibility\color
[2025-05-27T11:52:16.206Z] Entering subdirectory: H:\ASU projects\new cursor\backend\tests\accessibility\keyboard
[2025-05-27T11:52:16.206Z] 
Scanning directory: H:\ASU projects\new cursor\backend\tests\accessibility\keyboard
[2025-05-27T11:52:16.206Z] Found 0 entries in H:\ASU projects\new cursor\backend\tests\accessibility\keyboard
[2025-05-27T11:52:16.207Z] Entering subdirectory: H:\ASU projects\new cursor\backend\tests\accessibility\screenreader
[2025-05-27T11:52:16.207Z] 
Scanning directory: H:\ASU projects\new cursor\backend\tests\accessibility\screenreader
[2025-05-27T11:52:16.207Z] Found 0 entries in H:\ASU projects\new cursor\backend\tests\accessibility\screenreader
[2025-05-27T11:52:16.208Z] Entering subdirectory: H:\ASU projects\new cursor\backend\tests\ai
[2025-05-27T11:52:16.208Z] 
Scanning directory: H:\ASU projects\new cursor\backend\tests\ai
[2025-05-27T11:52:16.209Z] Found 4 entries in H:\ASU projects\new cursor\backend\tests\ai
[2025-05-27T11:52:16.209Z] Entering subdirectory: H:\ASU projects\new cursor\backend\tests\ai\behavior
[2025-05-27T11:52:16.209Z] 
Scanning directory: H:\ASU projects\new cursor\backend\tests\ai\behavior
[2025-05-27T11:52:16.210Z] Found 0 entries in H:\ASU projects\new cursor\backend\tests\ai\behavior
[2025-05-27T11:52:16.210Z] Entering subdirectory: H:\ASU projects\new cursor\backend\tests\ai\content
[2025-05-27T11:52:16.210Z] 
Scanning directory: H:\ASU projects\new cursor\backend\tests\ai\content
[2025-05-27T11:52:16.210Z] Found 0 entries in H:\ASU projects\new cursor\backend\tests\ai\content
[2025-05-27T11:52:16.210Z] Entering subdirectory: H:\ASU projects\new cursor\backend\tests\ai\smart
[2025-05-27T11:52:16.211Z] 
Scanning directory: H:\ASU projects\new cursor\backend\tests\ai\smart
[2025-05-27T11:52:16.211Z] Found 0 entries in H:\ASU projects\new cursor\backend\tests\ai\smart
[2025-05-27T11:52:16.211Z] Entering subdirectory: H:\ASU projects\new cursor\backend\tests\ai\visual
[2025-05-27T11:52:16.212Z] 
Scanning directory: H:\ASU projects\new cursor\backend\tests\ai\visual
[2025-05-27T11:52:16.212Z] Found 0 entries in H:\ASU projects\new cursor\backend\tests\ai\visual
[2025-05-27T11:52:16.212Z] Entering subdirectory: H:\ASU projects\new cursor\backend\tests\api
[2025-05-27T11:52:16.212Z] 
Scanning directory: H:\ASU projects\new cursor\backend\tests\api
[2025-05-27T11:52:16.212Z] Found 4 entries in H:\ASU projects\new cursor\backend\tests\api
[2025-05-27T11:52:16.213Z] Entering subdirectory: H:\ASU projects\new cursor\backend\tests\api\functional
[2025-05-27T11:52:16.213Z] 
Scanning directory: H:\ASU projects\new cursor\backend\tests\api\functional
[2025-05-27T11:52:16.213Z] Found 0 entries in H:\ASU projects\new cursor\backend\tests\api\functional
[2025-05-27T11:52:16.213Z] Entering subdirectory: H:\ASU projects\new cursor\backend\tests\api\integration
[2025-05-27T11:52:16.213Z] 
Scanning directory: H:\ASU projects\new cursor\backend\tests\api\integration
[2025-05-27T11:52:16.214Z] Found 0 entries in H:\ASU projects\new cursor\backend\tests\api\integration
[2025-05-27T11:52:16.214Z] Entering subdirectory: H:\ASU projects\new cursor\backend\tests\api\performance
[2025-05-27T11:52:16.214Z] 
Scanning directory: H:\ASU projects\new cursor\backend\tests\api\performance
[2025-05-27T11:52:16.214Z] Found 0 entries in H:\ASU projects\new cursor\backend\tests\api\performance
[2025-05-27T11:52:16.214Z] Entering subdirectory: H:\ASU projects\new cursor\backend\tests\api\security
[2025-05-27T11:52:16.215Z] 
Scanning directory: H:\ASU projects\new cursor\backend\tests\api\security
[2025-05-27T11:52:16.215Z] Found 0 entries in H:\ASU projects\new cursor\backend\tests\api\security
[2025-05-27T11:52:16.215Z] Entering subdirectory: H:\ASU projects\new cursor\backend\tests\e2e
[2025-05-27T11:52:16.215Z] 
Scanning directory: H:\ASU projects\new cursor\backend\tests\e2e
[2025-05-27T11:52:16.215Z] Found 4 entries in H:\ASU projects\new cursor\backend\tests\e2e
[2025-05-27T11:52:16.215Z] Entering subdirectory: H:\ASU projects\new cursor\backend\tests\e2e\crossbrowser
[2025-05-27T11:52:16.216Z] 
Scanning directory: H:\ASU projects\new cursor\backend\tests\e2e\crossbrowser
[2025-05-27T11:52:16.216Z] Found 0 entries in H:\ASU projects\new cursor\backend\tests\e2e\crossbrowser
[2025-05-27T11:52:16.216Z] Entering subdirectory: H:\ASU projects\new cursor\backend\tests\e2e\datadriven
[2025-05-27T11:52:16.216Z] 
Scanning directory: H:\ASU projects\new cursor\backend\tests\e2e\datadriven
[2025-05-27T11:52:16.217Z] Found 0 entries in H:\ASU projects\new cursor\backend\tests\e2e\datadriven
[2025-05-27T11:52:16.217Z] Entering subdirectory: H:\ASU projects\new cursor\backend\tests\e2e\mobile
[2025-05-27T11:52:16.217Z] 
Scanning directory: H:\ASU projects\new cursor\backend\tests\e2e\mobile
[2025-05-27T11:52:16.217Z] Found 0 entries in H:\ASU projects\new cursor\backend\tests\e2e\mobile
[2025-05-27T11:52:16.218Z] Entering subdirectory: H:\ASU projects\new cursor\backend\tests\e2e\user
[2025-05-27T11:52:16.218Z] 
Scanning directory: H:\ASU projects\new cursor\backend\tests\e2e\user
[2025-05-27T11:52:16.218Z] Found 0 entries in H:\ASU projects\new cursor\backend\tests\e2e\user
[2025-05-27T11:52:16.218Z] Entering subdirectory: H:\ASU projects\new cursor\backend\tests\integration
[2025-05-27T11:52:16.218Z] 
Scanning directory: H:\ASU projects\new cursor\backend\tests\integration
[2025-05-27T11:52:16.218Z] Found 4 entries in H:\ASU projects\new cursor\backend\tests\integration
[2025-05-27T11:52:16.219Z] Entering subdirectory: H:\ASU projects\new cursor\backend\tests\integration\apigateway
[2025-05-27T11:52:16.219Z] 
Scanning directory: H:\ASU projects\new cursor\backend\tests\integration\apigateway
[2025-05-27T11:52:16.219Z] Found 0 entries in H:\ASU projects\new cursor\backend\tests\integration\apigateway
[2025-05-27T11:52:16.219Z] Entering subdirectory: H:\ASU projects\new cursor\backend\tests\integration\component
[2025-05-27T11:52:16.220Z] 
Scanning directory: H:\ASU projects\new cursor\backend\tests\integration\component
[2025-05-27T11:52:16.220Z] Found 0 entries in H:\ASU projects\new cursor\backend\tests\integration\component
[2025-05-27T11:52:16.220Z] Entering subdirectory: H:\ASU projects\new cursor\backend\tests\integration\database
[2025-05-27T11:52:16.220Z] 
Scanning directory: H:\ASU projects\new cursor\backend\tests\integration\database
[2025-05-27T11:52:16.221Z] Found 0 entries in H:\ASU projects\new cursor\backend\tests\integration\database
[2025-05-27T11:52:16.221Z] Entering subdirectory: H:\ASU projects\new cursor\backend\tests\integration\service
[2025-05-27T11:52:16.221Z] 
Scanning directory: H:\ASU projects\new cursor\backend\tests\integration\service
[2025-05-27T11:52:16.221Z] Found 0 entries in H:\ASU projects\new cursor\backend\tests\integration\service
[2025-05-27T11:52:16.222Z] Entering subdirectory: H:\ASU projects\new cursor\backend\tests\performance
[2025-05-27T11:52:16.222Z] 
Scanning directory: H:\ASU projects\new cursor\backend\tests\performance
[2025-05-27T11:52:16.222Z] Found 6 entries in H:\ASU projects\new cursor\backend\tests\performance
[2025-05-27T11:52:16.223Z] Skipping non-test file: H:\ASU projects\new cursor\backend\tests\performance\config.js
[2025-05-27T11:52:16.223Z] Entering subdirectory: H:\ASU projects\new cursor\backend\tests\performance\endurance
[2025-05-27T11:52:16.223Z] 
Scanning directory: H:\ASU projects\new cursor\backend\tests\performance\endurance
[2025-05-27T11:52:16.223Z] Found 1 entries in H:\ASU projects\new cursor\backend\tests\performance\endurance
[2025-05-27T11:52:16.223Z] Skipping non-test file: H:\ASU projects\new cursor\backend\tests\performance\endurance\soak-test.js
[2025-05-27T11:52:16.224Z] Entering subdirectory: H:\ASU projects\new cursor\backend\tests\performance\load
[2025-05-27T11:52:16.224Z] 
Scanning directory: H:\ASU projects\new cursor\backend\tests\performance\load
[2025-05-27T11:52:16.224Z] Found 1 entries in H:\ASU projects\new cursor\backend\tests\performance\load
[2025-05-27T11:52:16.224Z] Skipping non-test file: H:\ASU projects\new cursor\backend\tests\performance\load\load-test.js
[2025-05-27T11:52:16.227Z] Skipping non-test file: H:\ASU projects\new cursor\backend\tests\performance\README.md
[2025-05-27T11:52:16.227Z] Entering subdirectory: H:\ASU projects\new cursor\backend\tests\performance\scalability
[2025-05-27T11:52:16.228Z] 
Scanning directory: H:\ASU projects\new cursor\backend\tests\performance\scalability
[2025-05-27T11:52:16.228Z] Found 0 entries in H:\ASU projects\new cursor\backend\tests\performance\scalability
[2025-05-27T11:52:16.229Z] Entering subdirectory: H:\ASU projects\new cursor\backend\tests\performance\stress
[2025-05-27T11:52:16.229Z] 
Scanning directory: H:\ASU projects\new cursor\backend\tests\performance\stress
[2025-05-27T11:52:16.229Z] Found 2 entries in H:\ASU projects\new cursor\backend\tests\performance\stress
[2025-05-27T11:52:16.229Z] Found test file: H:\ASU projects\new cursor\backend\tests\performance\stress\api-stress.test.js
[2025-05-27T11:52:16.230Z] Skipping non-test file: H:\ASU projects\new cursor\backend\tests\performance\stress\stress-test.js
[2025-05-27T11:52:16.231Z] Entering subdirectory: H:\ASU projects\new cursor\backend\tests\security
[2025-05-27T11:52:16.233Z] 
Scanning directory: H:\ASU projects\new cursor\backend\tests\security
[2025-05-27T11:52:16.234Z] Found 4 entries in H:\ASU projects\new cursor\backend\tests\security
[2025-05-27T11:52:16.234Z] Entering subdirectory: H:\ASU projects\new cursor\backend\tests\security\authentication
[2025-05-27T11:52:16.234Z] 
Scanning directory: H:\ASU projects\new cursor\backend\tests\security\authentication
[2025-05-27T11:52:16.235Z] Found 0 entries in H:\ASU projects\new cursor\backend\tests\security\authentication
[2025-05-27T11:52:16.235Z] Entering subdirectory: H:\ASU projects\new cursor\backend\tests\security\compliance
[2025-05-27T11:52:16.235Z] 
Scanning directory: H:\ASU projects\new cursor\backend\tests\security\compliance
[2025-05-27T11:52:16.235Z] Found 0 entries in H:\ASU projects\new cursor\backend\tests\security\compliance
[2025-05-27T11:52:16.235Z] Entering subdirectory: H:\ASU projects\new cursor\backend\tests\security\data
[2025-05-27T11:52:16.236Z] 
Scanning directory: H:\ASU projects\new cursor\backend\tests\security\data
[2025-05-27T11:52:16.236Z] Found 0 entries in H:\ASU projects\new cursor\backend\tests\security\data
[2025-05-27T11:52:16.236Z] Entering subdirectory: H:\ASU projects\new cursor\backend\tests\security\penetration
[2025-05-27T11:52:16.236Z] 
Scanning directory: H:\ASU projects\new cursor\backend\tests\security\penetration
[2025-05-27T11:52:16.236Z] Found 0 entries in H:\ASU projects\new cursor\backend\tests\security\penetration
[2025-05-27T11:52:16.237Z] Entering subdirectory: H:\ASU projects\new cursor\backend\tests\ui
[2025-05-27T11:52:16.237Z] 
Scanning directory: H:\ASU projects\new cursor\backend\tests\ui
[2025-05-27T11:52:16.237Z] Found 4 entries in H:\ASU projects\new cursor\backend\tests\ui
[2025-05-27T11:52:16.237Z] Entering subdirectory: H:\ASU projects\new cursor\backend\tests\ui\accessibility
[2025-05-27T11:52:16.237Z] 
Scanning directory: H:\ASU projects\new cursor\backend\tests\ui\accessibility
[2025-05-27T11:52:16.239Z] Found 1 entries in H:\ASU projects\new cursor\backend\tests\ui\accessibility
[2025-05-27T11:52:16.239Z] Found test file: H:\ASU projects\new cursor\backend\tests\ui\accessibility\a11y.dashboard.test.js
[2025-05-27T11:52:16.240Z] Entering subdirectory: H:\ASU projects\new cursor\backend\tests\ui\e2e
[2025-05-27T11:52:16.240Z] 
Scanning directory: H:\ASU projects\new cursor\backend\tests\ui\e2e
[2025-05-27T11:52:16.240Z] Found 1 entries in H:\ASU projects\new cursor\backend\tests\ui\e2e
[2025-05-27T11:52:16.240Z] Found test file: H:\ASU projects\new cursor\backend\tests\ui\e2e\user-registration.flow.test.js
[2025-05-27T11:52:16.241Z] Entering subdirectory: H:\ASU projects\new cursor\backend\tests\ui\smoke
[2025-05-27T11:52:16.241Z] 
Scanning directory: H:\ASU projects\new cursor\backend\tests\ui\smoke
[2025-05-27T11:52:16.241Z] Found 1 entries in H:\ASU projects\new cursor\backend\tests\ui\smoke
[2025-05-27T11:52:16.241Z] Found test file: H:\ASU projects\new cursor\backend\tests\ui\smoke\login.test.js
[2025-05-27T11:52:16.242Z] Entering subdirectory: H:\ASU projects\new cursor\backend\tests\ui\visual
[2025-05-27T11:52:16.242Z] 
Scanning directory: H:\ASU projects\new cursor\backend\tests\ui\visual
[2025-05-27T11:52:16.242Z] Found 1 entries in H:\ASU projects\new cursor\backend\tests\ui\visual
[2025-05-27T11:52:16.243Z] Found test file: H:\ASU projects\new cursor\backend\tests\ui\visual\dashboard.visual.test.js
[2025-05-27T11:52:16.243Z] 
=== Test Discovery Summary ===
[2025-05-27T11:52:16.243Z] Total test files found: 5
[2025-05-27T11:52:16.243Z] 
Discovered test files:
[2025-05-27T11:52:16.244Z] 1. tests/performance/stress/api-stress.test.js (performance)
[2025-05-27T11:52:16.244Z] 2. tests/ui/accessibility/a11y.dashboard.test.js (accessibility)
[2025-05-27T11:52:16.244Z] 3. tests/ui/e2e/user-registration.flow.test.js (e2e)
[2025-05-27T11:52:16.244Z] 4. tests/ui/smoke/login.test.js (smoke)
[2025-05-27T11:52:16.245Z] 5. tests/ui/visual/dashboard.visual.test.js (visual)
[2025-05-27T11:52:16.245Z] [2025-05-27T11:52:16.198Z] Response sent: {
  "statusCode": 200,
  "duration": "47ms",
  "headers": {
    "x-powered-by": "Express",
    "vary": "Origin",
    "access-control-allow-credentials": "true",
    "access-control-expose-headers": "Content-Length,X-Foo,X-Bar",
    "access-control-allow-origin": "*",
    "access-control-allow-methods": "GET, POST, PUT, DELETE, OPTIONS, PATCH",
    "access-control-allow-headers": "Origin, X-Requested-With, Content-Type, Accept, Authorization",
    "access-control-max-age": "86400",
    "content-type": "application/json; charset=utf-8"
  }
}
[2025-05-27T11:52:16.277Z] 
[2025-05-27T11:52:16.277Z] Incoming request: {
  "method": "GET",
  "url": "/api/tests",
  "headers": {
    "host": "localhost:3005",
    "connection": "keep-alive",
    "content-type": "application/json",
    "accept": "*/*",
    "accept-language": "*",
    "sec-fetch-mode": "cors",
    "user-agent": "node",
    "accept-encoding": "gzip, deflate"
  },
  "query": {}
}
[2025-05-27T11:52:16.279Z] 
=== Test Listing Request ===
[2025-05-27T11:52:16.279Z] Received request to list tests
[2025-05-27T11:52:16.280Z] Using tests directory: H:\ASU projects\new cursor\backend\tests
[2025-05-27T11:52:16.280Z] Current working directory: H:\ASU projects\new cursor\backend\src
[2025-05-27T11:52:16.280Z] 
=== Scanning for test files in: H:\ASU projects\new cursor\backend\tests ===
[2025-05-27T11:52:16.280Z] 
Scanning directory: H:\ASU projects\new cursor\backend\tests
[2025-05-27T11:52:16.281Z] Found 8 entries in H:\ASU projects\new cursor\backend\tests
[2025-05-27T11:52:16.281Z] Entering subdirectory: H:\ASU projects\new cursor\backend\tests\accessibility
[2025-05-27T11:52:16.281Z] 
Scanning directory: H:\ASU projects\new cursor\backend\tests\accessibility
[2025-05-27T11:52:16.282Z] Found 4 entries in H:\ASU projects\new cursor\backend\tests\accessibility
[2025-05-27T11:52:16.282Z] Entering subdirectory: H:\ASU projects\new cursor\backend\tests\accessibility\aria
[2025-05-27T11:52:16.282Z] 
Scanning directory: H:\ASU projects\new cursor\backend\tests\accessibility\aria
[2025-05-27T11:52:16.282Z] Found 0 entries in H:\ASU projects\new cursor\backend\tests\accessibility\aria
[2025-05-27T11:52:16.282Z] Entering subdirectory: H:\ASU projects\new cursor\backend\tests\accessibility\color
[2025-05-27T11:52:16.283Z] 
Scanning directory: H:\ASU projects\new cursor\backend\tests\accessibility\color
[2025-05-27T11:52:16.283Z] Found 0 entries in H:\ASU projects\new cursor\backend\tests\accessibility\color
[2025-05-27T11:52:16.283Z] Entering subdirectory: H:\ASU projects\new cursor\backend\tests\accessibility\keyboard
[2025-05-27T11:52:16.283Z] 
Scanning directory: H:\ASU projects\new cursor\backend\tests\accessibility\keyboard
[2025-05-27T11:52:16.283Z] Found 0 entries in H:\ASU projects\new cursor\backend\tests\accessibility\keyboard
[2025-05-27T11:52:16.284Z] Entering subdirectory: H:\ASU projects\new cursor\backend\tests\accessibility\screenreader
[2025-05-27T11:52:16.284Z] 
Scanning directory: H:\ASU projects\new cursor\backend\tests\accessibility\screenreader
[2025-05-27T11:52:16.284Z] Found 0 entries in H:\ASU projects\new cursor\backend\tests\accessibility\screenreader
[2025-05-27T11:52:16.284Z] Entering subdirectory: H:\ASU projects\new cursor\backend\tests\ai
[2025-05-27T11:52:16.285Z] 
Scanning directory: H:\ASU projects\new cursor\backend\tests\ai
[2025-05-27T11:52:16.285Z] Found 4 entries in H:\ASU projects\new cursor\backend\tests\ai
[2025-05-27T11:52:16.285Z] Entering subdirectory: H:\ASU projects\new cursor\backend\tests\ai\behavior
[2025-05-27T11:52:16.285Z] 
Scanning directory: H:\ASU projects\new cursor\backend\tests\ai\behavior
[2025-05-27T11:52:16.285Z] Found 0 entries in H:\ASU projects\new cursor\backend\tests\ai\behavior
[2025-05-27T11:52:16.286Z] Entering subdirectory: H:\ASU projects\new cursor\backend\tests\ai\content
[2025-05-27T11:52:16.286Z] 
Scanning directory: H:\ASU projects\new cursor\backend\tests\ai\content
[2025-05-27T11:52:16.286Z] Found 0 entries in H:\ASU projects\new cursor\backend\tests\ai\content
[2025-05-27T11:52:16.286Z] Entering subdirectory: H:\ASU projects\new cursor\backend\tests\ai\smart
[2025-05-27T11:52:16.286Z] 
Scanning directory: H:\ASU projects\new cursor\backend\tests\ai\smart
[2025-05-27T11:52:16.287Z] Found 0 entries in H:\ASU projects\new cursor\backend\tests\ai\smart
[2025-05-27T11:52:16.287Z] Entering subdirectory: H:\ASU projects\new cursor\backend\tests\ai\visual
[2025-05-27T11:52:16.287Z] 
Scanning directory: H:\ASU projects\new cursor\backend\tests\ai\visual
[2025-05-27T11:52:16.287Z] Found 0 entries in H:\ASU projects\new cursor\backend\tests\ai\visual
[2025-05-27T11:52:16.287Z] Entering subdirectory: H:\ASU projects\new cursor\backend\tests\api
[2025-05-27T11:52:16.287Z] 
Scanning directory: H:\ASU projects\new cursor\backend\tests\api
[2025-05-27T11:52:16.288Z] Found 4 entries in H:\ASU projects\new cursor\backend\tests\api
[2025-05-27T11:52:16.288Z] Entering subdirectory: H:\ASU projects\new cursor\backend\tests\api\functional
[2025-05-27T11:52:16.288Z] 
Scanning directory: H:\ASU projects\new cursor\backend\tests\api\functional
[2025-05-27T11:52:16.288Z] Found 0 entries in H:\ASU projects\new cursor\backend\tests\api\functional
[2025-05-27T11:52:16.288Z] Entering subdirectory: H:\ASU projects\new cursor\backend\tests\api\integration
[2025-05-27T11:52:16.289Z] 
Scanning directory: H:\ASU projects\new cursor\backend\tests\api\integration
[2025-05-27T11:52:16.289Z] Found 0 entries in H:\ASU projects\new cursor\backend\tests\api\integration
[2025-05-27T11:52:16.289Z] Entering subdirectory: H:\ASU projects\new cursor\backend\tests\api\performance
[2025-05-27T11:52:16.289Z] 
Scanning directory: H:\ASU projects\new cursor\backend\tests\api\performance
[2025-05-27T11:52:16.290Z] Found 0 entries in H:\ASU projects\new cursor\backend\tests\api\performance
[2025-05-27T11:52:16.290Z] Entering subdirectory: H:\ASU projects\new cursor\backend\tests\api\security
[2025-05-27T11:52:16.290Z] 
Scanning directory: H:\ASU projects\new cursor\backend\tests\api\security
[2025-05-27T11:52:16.290Z] Found 0 entries in H:\ASU projects\new cursor\backend\tests\api\security
[2025-05-27T11:52:16.290Z] Entering subdirectory: H:\ASU projects\new cursor\backend\tests\e2e
[2025-05-27T11:52:16.290Z] 
Scanning directory: H:\ASU projects\new cursor\backend\tests\e2e
[2025-05-27T11:52:16.291Z] Found 4 entries in H:\ASU projects\new cursor\backend\tests\e2e
[2025-05-27T11:52:16.291Z] Entering subdirectory: H:\ASU projects\new cursor\backend\tests\e2e\crossbrowser
[2025-05-27T11:52:16.291Z] 
Scanning directory: H:\ASU projects\new cursor\backend\tests\e2e\crossbrowser
[2025-05-27T11:52:16.292Z] Found 0 entries in H:\ASU projects\new cursor\backend\tests\e2e\crossbrowser
[2025-05-27T11:52:16.292Z] Entering subdirectory: H:\ASU projects\new cursor\backend\tests\e2e\datadriven
[2025-05-27T11:52:16.292Z] 
Scanning directory: H:\ASU projects\new cursor\backend\tests\e2e\datadriven
[2025-05-27T11:52:16.293Z] Found 0 entries in H:\ASU projects\new cursor\backend\tests\e2e\datadriven
[2025-05-27T11:52:16.295Z] Entering subdirectory: H:\ASU projects\new cursor\backend\tests\e2e\mobile
[2025-05-27T11:52:16.295Z] 
Scanning directory: H:\ASU projects\new cursor\backend\tests\e2e\mobile
[2025-05-27T11:52:16.296Z] Found 0 entries in H:\ASU projects\new cursor\backend\tests\e2e\mobile
[2025-05-27T11:52:16.296Z] Entering subdirectory: H:\ASU projects\new cursor\backend\tests\e2e\user
[2025-05-27T11:52:16.296Z] 
Scanning directory: H:\ASU projects\new cursor\backend\tests\e2e\user
[2025-05-27T11:52:16.297Z] Found 0 entries in H:\ASU projects\new cursor\backend\tests\e2e\user
[2025-05-27T11:52:16.297Z] Entering subdirectory: H:\ASU projects\new cursor\backend\tests\integration
[2025-05-27T11:52:16.297Z] 
Scanning directory: H:\ASU projects\new cursor\backend\tests\integration
[2025-05-27T11:52:16.297Z] Found 4 entries in H:\ASU projects\new cursor\backend\tests\integration
[2025-05-27T11:52:16.298Z] Entering subdirectory: H:\ASU projects\new cursor\backend\tests\integration\apigateway
[2025-05-27T11:52:16.298Z] 
Scanning directory: H:\ASU projects\new cursor\backend\tests\integration\apigateway
[2025-05-27T11:52:16.298Z] Found 0 entries in H:\ASU projects\new cursor\backend\tests\integration\apigateway
[2025-05-27T11:52:16.299Z] Entering subdirectory: H:\ASU projects\new cursor\backend\tests\integration\component
[2025-05-27T11:52:16.299Z] 
Scanning directory: H:\ASU projects\new cursor\backend\tests\integration\component
[2025-05-27T11:52:16.299Z] Found 0 entries in H:\ASU projects\new cursor\backend\tests\integration\component
[2025-05-27T11:52:16.299Z] Entering subdirectory: H:\ASU projects\new cursor\backend\tests\integration\database
[2025-05-27T11:52:16.299Z] 
Scanning directory: H:\ASU projects\new cursor\backend\tests\integration\database
[2025-05-27T11:52:16.300Z] Found 0 entries in H:\ASU projects\new cursor\backend\tests\integration\database
[2025-05-27T11:52:16.300Z] Entering subdirectory: H:\ASU projects\new cursor\backend\tests\integration\service
[2025-05-27T11:52:16.300Z] 
Scanning directory: H:\ASU projects\new cursor\backend\tests\integration\service
[2025-05-27T11:52:16.300Z] Found 0 entries in H:\ASU projects\new cursor\backend\tests\integration\service
[2025-05-27T11:52:16.300Z] Entering subdirectory: H:\ASU projects\new cursor\backend\tests\performance
[2025-05-27T11:52:16.301Z] 
Scanning directory: H:\ASU projects\new cursor\backend\tests\performance
[2025-05-27T11:52:16.301Z] Found 6 entries in H:\ASU projects\new cursor\backend\tests\performance
[2025-05-27T11:52:16.301Z] Skipping non-test file: H:\ASU projects\new cursor\backend\tests\performance\config.js
[2025-05-27T11:52:16.301Z] Entering subdirectory: H:\ASU projects\new cursor\backend\tests\performance\endurance
[2025-05-27T11:52:16.301Z] 
Scanning directory: H:\ASU projects\new cursor\backend\tests\performance\endurance
[2025-05-27T11:52:16.302Z] Found 1 entries in H:\ASU projects\new cursor\backend\tests\performance\endurance
[2025-05-27T11:52:16.302Z] Skipping non-test file: H:\ASU projects\new cursor\backend\tests\performance\endurance\soak-test.js
[2025-05-27T11:52:16.302Z] Entering subdirectory: H:\ASU projects\new cursor\backend\tests\performance\load
[2025-05-27T11:52:16.302Z] 
Scanning directory: H:\ASU projects\new cursor\backend\tests\performance\load
[2025-05-27T11:52:16.302Z] Found 1 entries in H:\ASU projects\new cursor\backend\tests\performance\load
[2025-05-27T11:52:16.303Z] Skipping non-test file: H:\ASU projects\new cursor\backend\tests\performance\load\load-test.js
[2025-05-27T11:52:16.303Z] Skipping non-test file: H:\ASU projects\new cursor\backend\tests\performance\README.md
[2025-05-27T11:52:16.303Z] Entering subdirectory: H:\ASU projects\new cursor\backend\tests\performance\scalability
[2025-05-27T11:52:16.303Z] 
Scanning directory: H:\ASU projects\new cursor\backend\tests\performance\scalability
[2025-05-27T11:52:16.303Z] Found 0 entries in H:\ASU projects\new cursor\backend\tests\performance\scalability
[2025-05-27T11:52:16.304Z] Entering subdirectory: H:\ASU projects\new cursor\backend\tests\performance\stress
[2025-05-27T11:52:16.304Z] 
Scanning directory: H:\ASU projects\new cursor\backend\tests\performance\stress
[2025-05-27T11:52:16.304Z] Found 2 entries in H:\ASU projects\new cursor\backend\tests\performance\stress
[2025-05-27T11:52:16.304Z] Found test file: H:\ASU projects\new cursor\backend\tests\performance\stress\api-stress.test.js
[2025-05-27T11:52:16.305Z] Skipping non-test file: H:\ASU projects\new cursor\backend\tests\performance\stress\stress-test.js
[2025-05-27T11:52:16.305Z] Entering subdirectory: H:\ASU projects\new cursor\backend\tests\security
[2025-05-27T11:52:16.305Z] 
Scanning directory: H:\ASU projects\new cursor\backend\tests\security
[2025-05-27T11:52:16.305Z] Found 4 entries in H:\ASU projects\new cursor\backend\tests\security
[2025-05-27T11:52:16.305Z] Entering subdirectory: H:\ASU projects\new cursor\backend\tests\security\authentication
[2025-05-27T11:52:16.305Z] 
Scanning directory: H:\ASU projects\new cursor\backend\tests\security\authentication
[2025-05-27T11:52:16.306Z] Found 0 entries in H:\ASU projects\new cursor\backend\tests\security\authentication
[2025-05-27T11:52:16.306Z] Entering subdirectory: H:\ASU projects\new cursor\backend\tests\security\compliance
[2025-05-27T11:52:16.306Z] 
Scanning directory: H:\ASU projects\new cursor\backend\tests\security\compliance
[2025-05-27T11:52:16.306Z] Found 0 entries in H:\ASU projects\new cursor\backend\tests\security\compliance
[2025-05-27T11:52:16.306Z] Entering subdirectory: H:\ASU projects\new cursor\backend\tests\security\data
[2025-05-27T11:52:16.307Z] 
Scanning directory: H:\ASU projects\new cursor\backend\tests\security\data
[2025-05-27T11:52:16.307Z] Found 0 entries in H:\ASU projects\new cursor\backend\tests\security\data
[2025-05-27T11:52:16.307Z] Entering subdirectory: H:\ASU projects\new cursor\backend\tests\security\penetration
[2025-05-27T11:52:16.307Z] 
Scanning directory: H:\ASU projects\new cursor\backend\tests\security\penetration
[2025-05-27T11:52:16.346Z] Found 0 entries in H:\ASU projects\new cursor\backend\tests\security\penetration
[2025-05-27T11:52:16.347Z] Entering subdirectory: H:\ASU projects\new cursor\backend\tests\ui
[2025-05-27T11:52:16.360Z] 
Scanning directory: H:\ASU projects\new cursor\backend\tests\ui
[2025-05-27T11:52:16.360Z] Found 4 entries in H:\ASU projects\new cursor\backend\tests\ui
[2025-05-27T11:52:16.374Z] Entering subdirectory: H:\ASU projects\new cursor\backend\tests\ui\accessibility
[2025-05-27T11:52:16.378Z] 
Scanning directory: H:\ASU projects\new cursor\backend\tests\ui\accessibility
[2025-05-27T11:52:16.378Z] Found 1 entries in H:\ASU projects\new cursor\backend\tests\ui\accessibility
[2025-05-27T11:52:16.379Z] Found test file: H:\ASU projects\new cursor\backend\tests\ui\accessibility\a11y.dashboard.test.js
[2025-05-27T11:52:16.379Z] Entering subdirectory: H:\ASU projects\new cursor\backend\tests\ui\e2e
[2025-05-27T11:52:16.379Z] 
Scanning directory: H:\ASU projects\new cursor\backend\tests\ui\e2e
[2025-05-27T11:52:16.380Z] Found 1 entries in H:\ASU projects\new cursor\backend\tests\ui\e2e
[2025-05-27T11:52:16.380Z] Found test file: H:\ASU projects\new cursor\backend\tests\ui\e2e\user-registration.flow.test.js
[2025-05-27T11:52:16.380Z] Entering subdirectory: H:\ASU projects\new cursor\backend\tests\ui\smoke
[2025-05-27T11:52:16.380Z] 
Scanning directory: H:\ASU projects\new cursor\backend\tests\ui\smoke
[2025-05-27T11:52:16.381Z] Found 1 entries in H:\ASU projects\new cursor\backend\tests\ui\smoke
[2025-05-27T11:52:16.381Z] Found test file: H:\ASU projects\new cursor\backend\tests\ui\smoke\login.test.js
[2025-05-27T11:52:16.381Z] Entering subdirectory: H:\ASU projects\new cursor\backend\tests\ui\visual
[2025-05-27T11:52:16.381Z] 
Scanning directory: H:\ASU projects\new cursor\backend\tests\ui\visual
[2025-05-27T11:52:16.381Z] Found 1 entries in H:\ASU projects\new cursor\backend\tests\ui\visual
[2025-05-27T11:52:16.382Z] Found test file: H:\ASU projects\new cursor\backend\tests\ui\visual\dashboard.visual.test.js
[2025-05-27T11:52:16.382Z] 
=== Test Discovery Summary ===
[2025-05-27T11:52:16.382Z] Total test files found: 5
[2025-05-27T11:52:16.382Z] 
Discovered test files:
[2025-05-27T11:52:16.382Z] 1. tests/performance/stress/api-stress.test.js (performance)
[2025-05-27T11:52:16.383Z] 2. tests/ui/accessibility/a11y.dashboard.test.js (accessibility)
[2025-05-27T11:52:16.383Z] 3. tests/ui/e2e/user-registration.flow.test.js (e2e)
[2025-05-27T11:52:16.383Z] 4. tests/ui/smoke/login.test.js (smoke)
[2025-05-27T11:52:16.383Z] 5. tests/ui/visual/dashboard.visual.test.js (visual)
[2025-05-27T11:52:16.384Z] [2025-05-27T11:52:16.277Z] Response sent: {
  "statusCode": 200,
  "duration": "106ms",
  "headers": {
    "x-powered-by": "Express",
    "vary": "Origin",
    "access-control-allow-credentials": "true",
    "access-control-expose-headers": "Content-Length,X-Foo,X-Bar",
    "access-control-allow-origin": "*",
    "access-control-allow-methods": "GET, POST, PUT, DELETE, OPTIONS, PATCH",
    "access-control-allow-headers": "Origin, X-Requested-With, Content-Type, Accept, Authorization",
    "access-control-max-age": "86400",
    "content-type": "application/json; charset=utf-8"
  }
}
